2020-11-15 21:43:06.233 INFO [restartedMain]com.yjq.programmer.FruitAndVegetableShop.logStarting:50 -Starting FruitAndVegetableShop on DESKTOP-INU083G with PID 18360 (D:\IDEA_project\FruitAndVegetableShop\target\classes started by 82320 in D:\IDEA_project\FruitAndVegetableShop)
2020-11-15 21:43:06.248 INFO [restartedMain]com.yjq.programmer.FruitAndVegetableShop.logStartupProfileInfo:651 -The following profiles are active: dev
2020-11-15 21:43:06.401 INFO [restartedMain]o.s.b.devtools.env.DevToolsPropertyDefaultsPostProcessor.logTo:225 -Devtools property defaults active! Set 'spring.devtools.add-properties' to 'false' to disable
2020-11-15 21:43:06.402 INFO [restartedMain]o.s.b.devtools.env.DevToolsPropertyDefaultsPostProcessor.logTo:225 -For additional web related logging consider setting the 'logging.level.web' property to 'DEBUG'
2020-11-15 21:43:08.678 INFO [restartedMain]o.s.d.repository.config.RepositoryConfigurationDelegate.multipleStoresDetected:244 -Multiple Spring Data modules found, entering strict repository configuration mode!
2020-11-15 21:43:08.684 INFO [restartedMain]o.s.d.repository.config.RepositoryConfigurationDelegate.registerRepositoriesIn:126 -Bootstrapping Spring Data repositories in DEFAULT mode.
2020-11-15 21:43:08.813 INFO [restartedMain]o.s.d.repository.config.RepositoryConfigurationDelegate.registerRepositoriesIn:182 -Finished Spring Data repository scanning in 71ms. Found 0 repository interfaces.
2020-11-15 21:43:09.988 INFO [restartedMain]o.s.c.s.PostProcessorRegistrationDelegate$BeanPostProcessorChecker.postProcessAfterInitialization:330 -Bean 'org.springframework.transaction.annotation.ProxyTransactionManagementConfiguration' of type [org.springframework.transaction.annotation.ProxyTransactionManagementConfiguration$$EnhancerBySpringCGLIB$$f1560fa] is not eligible for getting processed by all BeanPostProcessors (for example: not eligible for auto-proxying)
2020-11-15 21:43:10.920 INFO [restartedMain]o.s.boot.web.embedded.tomcat.TomcatWebServer.initialize:90 -Tomcat initialized with port(s): 8080 (http)
2020-11-15 21:43:10.943 INFO [restartedMain]org.apache.coyote.http11.Http11NioProtocol.log:173 -Initializing ProtocolHandler ["http-nio-8080"]
2020-11-15 21:43:10.958 INFO [restartedMain]org.apache.catalina.core.StandardService.log:173 -Starting service [Tomcat]
2020-11-15 21:43:10.958 INFO [restartedMain]org.apache.catalina.core.StandardEngine.log:173 -Starting Servlet engine: [Apache Tomcat/9.0.22]
2020-11-15 21:43:11.167 INFO [restartedMain]o.a.catalina.core.ContainerBase.[Tomcat].[localhost].[/].log:173 -Initializing Spring embedded WebApplicationContext
2020-11-15 21:43:11.167 INFO [restartedMain]org.springframework.web.context.ContextLoader.prepareWebApplicationContext:284 -Root WebApplicationContext: initialization completed in 4764 ms
2020-11-15 21:43:12.846 INFO [restartedMain]o.s.scheduling.concurrent.ThreadPoolTaskExecutor.initialize:171 -Initializing ExecutorService 'applicationTaskExecutor'
2020-11-15 21:43:19.189 INFO [restartedMain]o.s.boot.devtools.autoconfigure.OptionalLiveReloadServer.startServer:57 -LiveReload server is running on port 35729
2020-11-15 21:43:19.225 INFO [restartedMain]org.apache.coyote.http11.Http11NioProtocol.log:173 -Starting ProtocolHandler ["http-nio-8080"]
2020-11-15 21:43:19.243 INFO [restartedMain]org.apache.coyote.http11.Http11NioProtocol.log:173 -Pausing ProtocolHandler ["http-nio-8080"]
2020-11-15 21:43:19.243 INFO [restartedMain]org.apache.catalina.core.StandardService.log:173 -Stopping service [Tomcat]
2020-11-15 21:43:19.249 INFO [restartedMain]org.apache.catalina.util.LifecycleBase.log:173 -The stop() method was called on component [StandardServer[-1]] after stop() had already been called. The second call will be ignored.
2020-11-15 21:43:19.249 INFO [restartedMain]org.apache.coyote.http11.Http11NioProtocol.log:173 -Stopping ProtocolHandler ["http-nio-8080"]
2020-11-15 21:43:19.250 INFO [restartedMain]org.apache.coyote.http11.Http11NioProtocol.log:173 -Destroying ProtocolHandler ["http-nio-8080"]
2020-11-15 21:43:19.253 INFO [restartedMain]o.s.b.a.logging.ConditionEvaluationReportLoggingListener.logMessage:136 -

Error starting ApplicationContext. To display the conditions report re-run your application with 'debug' enabled.
2020-11-15 21:43:19.264 INFO [restartedMain]o.s.scheduling.concurrent.ThreadPoolTaskExecutor.shutdown:208 -Shutting down ExecutorService 'applicationTaskExecutor'
2020-11-15 21:45:16.569 INFO [restartedMain]com.yjq.programmer.FruitAndVegetableShop.logStarting:50 -Starting FruitAndVegetableShop on DESKTOP-INU083G with PID 20052 (D:\IDEA_project\FruitAndVegetableShop\target\classes started by 82320 in D:\IDEA_project\FruitAndVegetableShop)
2020-11-15 21:45:16.574 INFO [restartedMain]com.yjq.programmer.FruitAndVegetableShop.logStartupProfileInfo:651 -The following profiles are active: dev
2020-11-15 21:45:16.695 INFO [restartedMain]o.s.b.devtools.env.DevToolsPropertyDefaultsPostProcessor.logTo:225 -Devtools property defaults active! Set 'spring.devtools.add-properties' to 'false' to disable
2020-11-15 21:45:16.695 INFO [restartedMain]o.s.b.devtools.env.DevToolsPropertyDefaultsPostProcessor.logTo:225 -For additional web related logging consider setting the 'logging.level.web' property to 'DEBUG'
2020-11-15 21:45:18.166 INFO [restartedMain]o.s.d.repository.config.RepositoryConfigurationDelegate.multipleStoresDetected:244 -Multiple Spring Data modules found, entering strict repository configuration mode!
2020-11-15 21:45:18.170 INFO [restartedMain]o.s.d.repository.config.RepositoryConfigurationDelegate.registerRepositoriesIn:126 -Bootstrapping Spring Data repositories in DEFAULT mode.
2020-11-15 21:45:18.227 INFO [restartedMain]o.s.d.repository.config.RepositoryConfigurationDelegate.registerRepositoriesIn:182 -Finished Spring Data repository scanning in 35ms. Found 0 repository interfaces.
2020-11-15 21:45:18.716 INFO [restartedMain]o.s.c.s.PostProcessorRegistrationDelegate$BeanPostProcessorChecker.postProcessAfterInitialization:330 -Bean 'org.springframework.transaction.annotation.ProxyTransactionManagementConfiguration' of type [org.springframework.transaction.annotation.ProxyTransactionManagementConfiguration$$EnhancerBySpringCGLIB$$9dfd3d9e] is not eligible for getting processed by all BeanPostProcessors (for example: not eligible for auto-proxying)
2020-11-15 21:45:19.141 INFO [restartedMain]o.s.boot.web.embedded.tomcat.TomcatWebServer.initialize:90 -Tomcat initialized with port(s): 8080 (http)
2020-11-15 21:45:19.158 INFO [restartedMain]org.apache.coyote.http11.Http11NioProtocol.log:173 -Initializing ProtocolHandler ["http-nio-8080"]
2020-11-15 21:45:19.169 INFO [restartedMain]org.apache.catalina.core.StandardService.log:173 -Starting service [Tomcat]
2020-11-15 21:45:19.169 INFO [restartedMain]org.apache.catalina.core.StandardEngine.log:173 -Starting Servlet engine: [Apache Tomcat/9.0.22]
2020-11-15 21:45:19.349 INFO [restartedMain]o.a.catalina.core.ContainerBase.[Tomcat].[localhost].[/].log:173 -Initializing Spring embedded WebApplicationContext
2020-11-15 21:45:19.349 INFO [restartedMain]org.springframework.web.context.ContextLoader.prepareWebApplicationContext:284 -Root WebApplicationContext: initialization completed in 2652 ms
2020-11-15 21:45:20.880 INFO [restartedMain]o.s.scheduling.concurrent.ThreadPoolTaskExecutor.initialize:171 -Initializing ExecutorService 'applicationTaskExecutor'
2020-11-15 21:45:27.151 INFO [restartedMain]o.s.boot.devtools.autoconfigure.OptionalLiveReloadServer.startServer:57 -LiveReload server is running on port 35729
2020-11-15 21:45:27.185 INFO [restartedMain]org.apache.coyote.http11.Http11NioProtocol.log:173 -Starting ProtocolHandler ["http-nio-8080"]
2020-11-15 21:45:27.214 INFO [restartedMain]o.s.boot.web.embedded.tomcat.TomcatWebServer.start:202 -Tomcat started on port(s): 8080 (http) with context path ''
2020-11-15 21:45:27.217 INFO [restartedMain]com.yjq.programmer.FruitAndVegetableShop.logStarted:59 -Started FruitAndVegetableShop in 11.388 seconds (JVM running for 12.802)
2020-11-15 21:46:08.427 INFO [http-nio-8080-exec-1]o.a.catalina.core.ContainerBase.[Tomcat].[localhost].[/].log:173 -Initializing Spring DispatcherServlet 'dispatcherServlet'
2020-11-15 21:46:08.428 INFO [http-nio-8080-exec-1]org.springframework.web.servlet.DispatcherServlet.initServletBean:524 -Initializing Servlet 'dispatcherServlet'
2020-11-15 21:46:08.458 INFO [http-nio-8080-exec-1]org.springframework.web.servlet.DispatcherServlet.initServletBean:546 -Completed initialization in 29 ms
2020-11-15 21:46:08.500 INFO [http-nio-8080-exec-1]com.yjq.programmer.interceptor.home.UserLoginInterceptor.preHandle:44 -当前URL=/home/product/fruit
2020-11-15 21:46:08.501 INFO [http-nio-8080-exec-1]com.yjq.programmer.interceptor.home.UserLoginInterceptor.preHandle:45 -当前路径获取到的token=eyJ0eXAiOiJKV1QiLCJhbGciOiJIUzI1NiJ9.eyJwaG9uZSI6IjEzNzc0NTU5NDg1IiwiaWQiOiIxIiwiZXhwIjoxNjA1ODc2Nzg1LCJoZWFkUGljIjoiMjAyMDExMTAvMTYwNTAxNDI4MDA0NC5qcGciLCJlbWFpbCI6IjgyMzIwODc4MkBxcS5jb20iLCJ1c2VybmFtZSI6IuadqOadqOWQliJ9.SaDYo5qxwVjVzIci3_gxa0rAQel94x2g4IUSh9azcpQ
2020-11-15 21:46:08.726 INFO [http-nio-8080-exec-1]com.zaxxer.hikari.HikariDataSource.getConnection:110 -HikariPool-1 - Starting...
2020-11-15 21:46:08.967 INFO [http-nio-8080-exec-1]com.zaxxer.hikari.HikariDataSource.getConnection:123 -HikariPool-1 - Start completed.
2020-11-15 21:46:35.989 INFO [http-nio-8080-exec-2]com.yjq.programmer.interceptor.home.UserLoginInterceptor.preHandle:44 -当前URL=/home/cart/add
2020-11-15 21:46:35.989 INFO [http-nio-8080-exec-2]com.yjq.programmer.interceptor.home.UserLoginInterceptor.preHandle:45 -当前路径获取到的token=eyJ0eXAiOiJKV1QiLCJhbGciOiJIUzI1NiJ9.eyJwaG9uZSI6IjEzNzc0NTU5NDg1IiwiaWQiOiIxIiwiZXhwIjoxNjA1ODc2Nzg1LCJoZWFkUGljIjoiMjAyMDExMTAvMTYwNTAxNDI4MDA0NC5qcGciLCJlbWFpbCI6IjgyMzIwODc4MkBxcS5jb20iLCJ1c2VybmFtZSI6IuadqOadqOWQliJ9.SaDYo5qxwVjVzIci3_gxa0rAQel94x2g4IUSh9azcpQ
2020-11-15 21:47:11.254 INFO [http-nio-8080-exec-9]com.yjq.programmer.interceptor.home.UserLoginInterceptor.preHandle:44 -当前URL=/home/product/fruit
2020-11-15 21:47:11.255 INFO [http-nio-8080-exec-9]com.yjq.programmer.interceptor.home.UserLoginInterceptor.preHandle:45 -当前路径获取到的token=eyJ0eXAiOiJKV1QiLCJhbGciOiJIUzI1NiJ9.eyJwaG9uZSI6IjEzNzc0NTU5NDg1IiwiaWQiOiIxIiwiZXhwIjoxNjA1ODc2Nzg1LCJoZWFkUGljIjoiMjAyMDExMTAvMTYwNTAxNDI4MDA0NC5qcGciLCJlbWFpbCI6IjgyMzIwODc4MkBxcS5jb20iLCJ1c2VybmFtZSI6IuadqOadqOWQliJ9.SaDYo5qxwVjVzIci3_gxa0rAQel94x2g4IUSh9azcpQ
2020-11-15 21:47:13.758 INFO [http-nio-8080-exec-3]com.yjq.programmer.interceptor.home.UserLoginInterceptor.preHandle:44 -当前URL=/home/cart/add
2020-11-15 21:47:13.759 INFO [http-nio-8080-exec-3]com.yjq.programmer.interceptor.home.UserLoginInterceptor.preHandle:45 -当前路径获取到的token=eyJ0eXAiOiJKV1QiLCJhbGciOiJIUzI1NiJ9.eyJwaG9uZSI6IjEzNzc0NTU5NDg1IiwiaWQiOiIxIiwiZXhwIjoxNjA1ODc2Nzg1LCJoZWFkUGljIjoiMjAyMDExMTAvMTYwNTAxNDI4MDA0NC5qcGciLCJlbWFpbCI6IjgyMzIwODc4MkBxcS5jb20iLCJ1c2VybmFtZSI6IuadqOadqOWQliJ9.SaDYo5qxwVjVzIci3_gxa0rAQel94x2g4IUSh9azcpQ
2020-11-15 21:47:17.125 INFO [http-nio-8080-exec-6]com.yjq.programmer.interceptor.home.UserLoginInterceptor.preHandle:44 -当前URL=/home/product/fruit
2020-11-15 21:47:17.126 INFO [http-nio-8080-exec-6]com.yjq.programmer.interceptor.home.UserLoginInterceptor.preHandle:45 -当前路径获取到的token=eyJ0eXAiOiJKV1QiLCJhbGciOiJIUzI1NiJ9.eyJwaG9uZSI6IjEzNzc0NTU5NDg1IiwiaWQiOiIxIiwiZXhwIjoxNjA1ODc2Nzg1LCJoZWFkUGljIjoiMjAyMDExMTAvMTYwNTAxNDI4MDA0NC5qcGciLCJlbWFpbCI6IjgyMzIwODc4MkBxcS5jb20iLCJ1c2VybmFtZSI6IuadqOadqOWQliJ9.SaDYo5qxwVjVzIci3_gxa0rAQel94x2g4IUSh9azcpQ
2020-11-15 21:47:18.613 INFO [http-nio-8080-exec-2]com.yjq.programmer.interceptor.home.UserLoginInterceptor.preHandle:44 -当前URL=/home/cart/add
2020-11-15 21:47:18.614 INFO [http-nio-8080-exec-2]com.yjq.programmer.interceptor.home.UserLoginInterceptor.preHandle:45 -当前路径获取到的token=eyJ0eXAiOiJKV1QiLCJhbGciOiJIUzI1NiJ9.eyJwaG9uZSI6IjEzNzc0NTU5NDg1IiwiaWQiOiIxIiwiZXhwIjoxNjA1ODc2Nzg1LCJoZWFkUGljIjoiMjAyMDExMTAvMTYwNTAxNDI4MDA0NC5qcGciLCJlbWFpbCI6IjgyMzIwODc4MkBxcS5jb20iLCJ1c2VybmFtZSI6IuadqOadqOWQliJ9.SaDYo5qxwVjVzIci3_gxa0rAQel94x2g4IUSh9azcpQ
2020-11-15 21:48:14.168 INFO [restartedMain]com.yjq.programmer.FruitAndVegetableShop.logStarting:50 -Starting FruitAndVegetableShop on DESKTOP-INU083G with PID 17372 (D:\IDEA_project\FruitAndVegetableShop\target\classes started by 82320 in D:\IDEA_project\FruitAndVegetableShop)
2020-11-15 21:48:14.175 INFO [restartedMain]com.yjq.programmer.FruitAndVegetableShop.logStartupProfileInfo:651 -The following profiles are active: dev
2020-11-15 21:48:14.290 INFO [restartedMain]o.s.b.devtools.env.DevToolsPropertyDefaultsPostProcessor.logTo:225 -Devtools property defaults active! Set 'spring.devtools.add-properties' to 'false' to disable
2020-11-15 21:48:14.291 INFO [restartedMain]o.s.b.devtools.env.DevToolsPropertyDefaultsPostProcessor.logTo:225 -For additional web related logging consider setting the 'logging.level.web' property to 'DEBUG'
2020-11-15 21:48:16.502 INFO [restartedMain]o.s.d.repository.config.RepositoryConfigurationDelegate.multipleStoresDetected:244 -Multiple Spring Data modules found, entering strict repository configuration mode!
2020-11-15 21:48:16.508 INFO [restartedMain]o.s.d.repository.config.RepositoryConfigurationDelegate.registerRepositoriesIn:126 -Bootstrapping Spring Data repositories in DEFAULT mode.
2020-11-15 21:48:16.641 INFO [restartedMain]o.s.d.repository.config.RepositoryConfigurationDelegate.registerRepositoriesIn:182 -Finished Spring Data repository scanning in 88ms. Found 0 repository interfaces.
2020-11-15 21:48:17.754 INFO [restartedMain]o.s.c.s.PostProcessorRegistrationDelegate$BeanPostProcessorChecker.postProcessAfterInitialization:330 -Bean 'org.springframework.transaction.annotation.ProxyTransactionManagementConfiguration' of type [org.springframework.transaction.annotation.ProxyTransactionManagementConfiguration$$EnhancerBySpringCGLIB$$d2ea9169] is not eligible for getting processed by all BeanPostProcessors (for example: not eligible for auto-proxying)
2020-11-15 21:48:18.383 INFO [restartedMain]o.s.boot.web.embedded.tomcat.TomcatWebServer.initialize:90 -Tomcat initialized with port(s): 8080 (http)
2020-11-15 21:48:18.411 INFO [restartedMain]org.apache.coyote.http11.Http11NioProtocol.log:173 -Initializing ProtocolHandler ["http-nio-8080"]
2020-11-15 21:48:18.432 INFO [restartedMain]org.apache.catalina.core.StandardService.log:173 -Starting service [Tomcat]
2020-11-15 21:48:18.432 INFO [restartedMain]org.apache.catalina.core.StandardEngine.log:173 -Starting Servlet engine: [Apache Tomcat/9.0.22]
2020-11-15 21:48:18.715 INFO [restartedMain]o.a.catalina.core.ContainerBase.[Tomcat].[localhost].[/].log:173 -Initializing Spring embedded WebApplicationContext
2020-11-15 21:48:18.716 INFO [restartedMain]org.springframework.web.context.ContextLoader.prepareWebApplicationContext:284 -Root WebApplicationContext: initialization completed in 4425 ms
2020-11-15 21:48:20.347 INFO [restartedMain]o.s.scheduling.concurrent.ThreadPoolTaskExecutor.initialize:171 -Initializing ExecutorService 'applicationTaskExecutor'
2020-11-15 21:48:26.551 INFO [restartedMain]o.s.boot.devtools.autoconfigure.OptionalLiveReloadServer.startServer:57 -LiveReload server is running on port 35729
2020-11-15 21:48:26.582 INFO [restartedMain]org.apache.coyote.http11.Http11NioProtocol.log:173 -Starting ProtocolHandler ["http-nio-8080"]
2020-11-15 21:48:26.606 INFO [restartedMain]o.s.boot.web.embedded.tomcat.TomcatWebServer.start:202 -Tomcat started on port(s): 8080 (http) with context path ''
2020-11-15 21:48:26.610 INFO [restartedMain]com.yjq.programmer.FruitAndVegetableShop.logStarted:59 -Started FruitAndVegetableShop in 13.404 seconds (JVM running for 15.902)
2020-11-15 21:48:55.820 INFO [http-nio-8080-exec-1]o.a.catalina.core.ContainerBase.[Tomcat].[localhost].[/].log:173 -Initializing Spring DispatcherServlet 'dispatcherServlet'
2020-11-15 21:48:55.821 INFO [http-nio-8080-exec-1]org.springframework.web.servlet.DispatcherServlet.initServletBean:524 -Initializing Servlet 'dispatcherServlet'
2020-11-15 21:48:55.838 INFO [http-nio-8080-exec-1]org.springframework.web.servlet.DispatcherServlet.initServletBean:546 -Completed initialization in 17 ms
2020-11-15 21:48:55.889 INFO [http-nio-8080-exec-1]com.yjq.programmer.interceptor.home.UserLoginInterceptor.preHandle:44 -当前URL=/home/product/fruit
2020-11-15 21:48:55.889 INFO [http-nio-8080-exec-1]com.yjq.programmer.interceptor.home.UserLoginInterceptor.preHandle:45 -当前路径获取到的token=eyJ0eXAiOiJKV1QiLCJhbGciOiJIUzI1NiJ9.eyJwaG9uZSI6IjEzNzc0NTU5NDg1IiwiaWQiOiIxIiwiZXhwIjoxNjA1ODc2Nzg1LCJoZWFkUGljIjoiMjAyMDExMTAvMTYwNTAxNDI4MDA0NC5qcGciLCJlbWFpbCI6IjgyMzIwODc4MkBxcS5jb20iLCJ1c2VybmFtZSI6IuadqOadqOWQliJ9.SaDYo5qxwVjVzIci3_gxa0rAQel94x2g4IUSh9azcpQ
2020-11-15 21:48:56.248 INFO [http-nio-8080-exec-1]com.zaxxer.hikari.HikariDataSource.getConnection:110 -HikariPool-1 - Starting...
2020-11-15 21:48:56.685 INFO [http-nio-8080-exec-1]com.zaxxer.hikari.HikariDataSource.getConnection:123 -HikariPool-1 - Start completed.
2020-11-15 21:48:58.964 INFO [http-nio-8080-exec-9]com.yjq.programmer.interceptor.home.UserLoginInterceptor.preHandle:44 -当前URL=/home/cart/add
2020-11-15 21:48:58.965 INFO [http-nio-8080-exec-9]com.yjq.programmer.interceptor.home.UserLoginInterceptor.preHandle:45 -当前路径获取到的token=eyJ0eXAiOiJKV1QiLCJhbGciOiJIUzI1NiJ9.eyJwaG9uZSI6IjEzNzc0NTU5NDg1IiwiaWQiOiIxIiwiZXhwIjoxNjA1ODc2Nzg1LCJoZWFkUGljIjoiMjAyMDExMTAvMTYwNTAxNDI4MDA0NC5qcGciLCJlbWFpbCI6IjgyMzIwODc4MkBxcS5jb20iLCJ1c2VybmFtZSI6IuadqOadqOWQliJ9.SaDYo5qxwVjVzIci3_gxa0rAQel94x2g4IUSh9azcpQ
2020-11-15 21:48:59.157 INFO [http-nio-8080-exec-9]io.lettuce.core.EpollProvider.<clinit>:68 -Starting without optional epoll library
2020-11-15 21:48:59.160 INFO [http-nio-8080-exec-9]io.lettuce.core.KqueueProvider.<clinit>:70 -Starting without optional kqueue library
2020-11-15 21:52:00.934 INFO [http-nio-8080-exec-7]com.yjq.programmer.interceptor.home.UserLoginInterceptor.preHandle:44 -当前URL=/home/cart/add
2020-11-15 21:52:00.935 INFO [http-nio-8080-exec-7]com.yjq.programmer.interceptor.home.UserLoginInterceptor.preHandle:45 -当前路径获取到的token=eyJ0eXAiOiJKV1QiLCJhbGciOiJIUzI1NiJ9.eyJwaG9uZSI6IjEzNzc0NTU5NDg1IiwiaWQiOiIxIiwiZXhwIjoxNjA1ODc2Nzg1LCJoZWFkUGljIjoiMjAyMDExMTAvMTYwNTAxNDI4MDA0NC5qcGciLCJlbWFpbCI6IjgyMzIwODc4MkBxcS5jb20iLCJ1c2VybmFtZSI6IuadqOadqOWQliJ9.SaDYo5qxwVjVzIci3_gxa0rAQel94x2g4IUSh9azcpQ
2020-11-15 21:52:03.016 INFO [http-nio-8080-exec-8]com.yjq.programmer.interceptor.home.UserLoginInterceptor.preHandle:44 -当前URL=/home/cart/add
2020-11-15 21:52:03.017 INFO [http-nio-8080-exec-8]com.yjq.programmer.interceptor.home.UserLoginInterceptor.preHandle:45 -当前路径获取到的token=eyJ0eXAiOiJKV1QiLCJhbGciOiJIUzI1NiJ9.eyJwaG9uZSI6IjEzNzc0NTU5NDg1IiwiaWQiOiIxIiwiZXhwIjoxNjA1ODc2Nzg1LCJoZWFkUGljIjoiMjAyMDExMTAvMTYwNTAxNDI4MDA0NC5qcGciLCJlbWFpbCI6IjgyMzIwODc4MkBxcS5jb20iLCJ1c2VybmFtZSI6IuadqOadqOWQliJ9.SaDYo5qxwVjVzIci3_gxa0rAQel94x2g4IUSh9azcpQ
